2026-02-20 08:34:55,203-INFO-MSSQL DB Connection has started...
2026-02-20 08:34:55,635-INFO-MSSQL DB Connection has completed..
2026-02-20 08:34:55,635-INFO-Count validation started..
2026-02-20 08:34:55,773-ERROR-Count validation Failed.. 
2026-02-20 08:34:56,127-INFO-MSSQL DB Connection has Closed..
2026-02-20 08:57:41,665-INFO-MSSQL DB Connection has started...
2026-02-20 08:57:41,817-INFO-MSSQL DB Connection has completed..
2026-02-20 08:57:41,817-INFO-Count validation started..
2026-02-20 08:57:41,870-ERROR-Count validation Failed.. 
2026-02-20 08:57:42,218-INFO-MSSQL DB Connection has Closed..
2026-02-20 08:58:45,350-INFO-MSSQL DB Connection has started...
2026-02-20 08:58:45,498-INFO-MSSQL DB Connection has completed..
2026-02-20 08:58:45,508-INFO-Count validation started..
2026-02-20 08:58:45,539-INFO- Count validation completed..
2026-02-20 08:58:45,541-INFO-MSSQL DB Connection has Closed..
2026-02-20 09:01:48,932-INFO-MSSQL DB Connection has started...
2026-02-20 09:01:49,114-INFO-MSSQL DB Connection has completed..
2026-02-20 09:01:49,115-INFO-Count validation started..
2026-02-20 09:01:49,886-INFO-MSSQL DB Connection has Closed..
2026-02-20 09:02:25,177-INFO-MSSQL DB Connection has started...
2026-02-20 09:02:25,257-INFO-MSSQL DB Connection has completed..
2026-02-20 09:02:25,257-INFO-Count validation started..
2026-02-20 09:02:25,771-INFO-MSSQL DB Connection has Closed..
2026-02-20 09:03:53,143-INFO-MSSQL DB Connection has started...
2026-02-20 09:03:53,282-INFO-MSSQL DB Connection has completed..
2026-02-20 09:03:53,282-INFO-Count validation started..
2026-02-20 09:03:53,320-INFO- Count validation completed..
2026-02-20 09:03:53,320-INFO-MSSQL DB Connection has Closed..
2026-02-21 08:58:33,031-INFO-MSSQL DB Connection has started...
2026-02-21 08:58:34,614-INFO-MSSQL DB Connection has completed..
2026-02-21 08:58:35,321-INFO-MSSQL DB Connection has Closed..
2026-02-21 08:59:17,744-INFO-MSSQL DB Connection has started...
2026-02-21 08:59:17,992-INFO-MSSQL DB Connection has completed..
2026-02-21 08:59:18,035-INFO-MSSQL DB Connection has Closed..
2026-02-21 09:29:57,814-INFO-MSSQL DB Connection has started...
2026-02-21 09:29:58,068-INFO-MSSQL DB Connection has completed..
2026-02-21 09:29:58,099-INFO-MSSQL DB Connection has Closed..
2026-02-21 09:31:08,876-INFO-MSSQL DB Connection has started...
2026-02-21 09:31:09,161-INFO-MSSQL DB Connection has completed..
2026-02-21 09:31:09,192-INFO-MSSQL DB Connection has Closed..
2026-02-21 09:31:09,192-INFO-HR DB Connection has started.
2026-02-21 09:31:09,274-INFO-HR DB Connection has completed.
2026-02-21 09:31:09,857-ERROR-HR DB Connection has closed.
2026-02-21 09:56:42,472-INFO-MSSQL DB Connection has started...
2026-02-21 09:56:42,712-INFO-MSSQL DB Connection has completed..
2026-02-21 09:56:42,744-INFO-MSSQL DB Connection has Closed..
2026-02-21 09:56:42,744-INFO-HR DB Connection has started.
2026-02-21 09:56:42,824-INFO-HR DB Connection has completed.
2026-02-21 09:56:43,348-ERROR-HR DB Connection has closed.
2026-02-21 09:56:43,348-INFO-MSSQL DB Connection has started...
2026-02-21 09:56:43,365-INFO-MSSQL DB Connection has completed..
2026-02-21 09:56:43,395-INFO-MSSQL DB Connection has Closed..
2026-02-21 10:03:37,440-INFO-MSSQL DB Connection has started...
2026-02-21 10:03:37,678-INFO-MSSQL DB Connection has completed..
2026-02-21 10:03:37,718-INFO-MSSQL DB Connection has Closed..
2026-02-21 10:03:37,721-INFO-HR DB Connection has started.
2026-02-21 10:03:37,734-INFO-HR DB Connection has completed.
2026-02-21 10:03:38,265-ERROR-HR DB Connection has closed.
2026-02-21 10:03:38,277-INFO-MSSQL DB Connection has started...
2026-02-21 10:03:38,290-INFO-MSSQL DB Connection has completed..
2026-02-21 10:03:38,303-INFO-MSSQL DB Connection has Closed..
2026-02-21 10:03:38,303-INFO-MSSQL DB Connection has started...
2026-02-21 10:03:38,313-INFO-MSSQL DB Connection has completed..
2026-02-21 10:03:38,341-ERROR-Agg Transformation has failed.
2026-02-21 10:03:38,577-INFO-MSSQL DB Connection has Closed..
2026-02-21 10:05:09,694-INFO-MSSQL DB Connection has started...
2026-02-21 10:05:09,919-INFO-MSSQL DB Connection has completed..
2026-02-21 10:05:09,965-INFO-MSSQL DB Connection has Closed..
2026-02-21 10:05:09,968-INFO-HR DB Connection has started.
2026-02-21 10:05:09,982-INFO-HR DB Connection has completed.
2026-02-21 10:05:10,521-ERROR-HR DB Connection has closed.
2026-02-21 10:05:10,539-INFO-MSSQL DB Connection has started...
2026-02-21 10:05:10,643-INFO-MSSQL DB Connection has completed..
2026-02-21 10:05:10,682-INFO-MSSQL DB Connection has Closed..
2026-02-21 10:05:10,686-INFO-MSSQL DB Connection has started...
2026-02-21 10:05:10,761-INFO-MSSQL DB Connection has completed..
2026-02-21 10:05:10,792-INFO-MSSQL DB Connection has Closed..
2026-02-21 10:57:32,304-INFO-MSSQL DB Connection has started...
2026-02-21 10:57:32,465-INFO-MSSQL DB Connection has completed..
2026-02-21 10:57:32,493-INFO-MSSQL DB Connection has Closed..
2026-02-21 10:57:32,493-INFO-MSSQL DB Connection has started...
2026-02-21 10:57:32,511-INFO-MSSQL DB Connection has completed..
2026-02-21 10:57:32,535-INFO-MSSQL DB Connection has Closed..
2026-02-21 10:57:32,537-INFO-HR DB Connection has started.
2026-02-21 10:57:32,620-INFO-HR DB Connection has completed.
2026-02-21 10:57:33,130-ERROR-HR DB Connection has closed.
2026-02-21 10:57:33,134-INFO-MSSQL DB Connection has started...
2026-02-21 10:57:33,149-INFO-MSSQL DB Connection has completed..
2026-02-21 10:57:33,157-INFO-MSSQL DB Connection has Closed..
2026-02-21 10:57:33,157-INFO-MSSQL DB Connection has started...
2026-02-21 10:57:33,176-INFO-MSSQL DB Connection has completed..
2026-02-21 10:57:33,191-INFO-MSSQL DB Connection has Closed..
2026-02-21 10:57:58,558-INFO-MSSQL DB Connection has started...
2026-02-21 10:57:59,235-INFO-MSSQL DB Connection has completed..
2026-02-21 10:57:59,272-ERROR-Please check Table name
2026-02-21 10:57:59,607-INFO-MSSQL DB Connection has Closed..
2026-02-21 10:57:59,616-INFO-MSSQL DB Connection has started...
2026-02-21 10:57:59,625-INFO-MSSQL DB Connection has completed..
2026-02-21 10:57:59,647-INFO-MSSQL DB Connection has Closed..
2026-02-21 10:57:59,648-INFO-HR DB Connection has started.
2026-02-21 10:57:59,733-INFO-HR DB Connection has completed.
2026-02-21 10:57:59,985-ERROR-HR DB Connection has closed.
2026-02-21 10:57:59,985-INFO-MSSQL DB Connection has started...
2026-02-21 10:58:00,001-INFO-MSSQL DB Connection has completed..
2026-02-21 10:58:00,033-INFO-MSSQL DB Connection has Closed..
2026-02-21 10:58:00,040-INFO-MSSQL DB Connection has started...
2026-02-21 10:58:00,055-INFO-MSSQL DB Connection has completed..
2026-02-21 10:58:00,064-INFO-MSSQL DB Connection has Closed..
2026-02-21 13:07:17,028-INFO-MSSQL DB Connection has started...
2026-02-21 13:07:17,186-INFO-MSSQL DB Connection has completed..
2026-02-21 13:07:17,216-INFO-MSSQL DB Connection has Closed..
2026-02-21 22:37:05,459-INFO-MSSQL DB Connection has started...
2026-02-21 22:37:05,858-INFO-MSSQL DB Connection has completed..
2026-02-21 22:37:05,915-INFO-MSSQL DB Connection has Closed..
2026-02-21 22:37:22,885-INFO-MSSQL DB Connection has started...
2026-02-21 22:37:23,090-INFO-MSSQL DB Connection has completed..
2026-02-21 22:37:23,842-INFO-MSSQL DB Connection has Closed..
2026-02-21 22:38:27,255-INFO-MSSQL DB Connection has started...
2026-02-21 22:38:27,524-INFO-MSSQL DB Connection has completed..
2026-02-21 22:38:27,558-INFO-MSSQL DB Connection has Closed..
2026-02-21 22:40:02,180-INFO-MSSQL DB Connection has started...
2026-02-21 22:40:02,418-INFO-MSSQL DB Connection has completed..
2026-02-21 22:40:02,974-INFO-MSSQL DB Connection has Closed..
2026-02-21 22:41:25,077-INFO-MSSQL DB Connection has started...
2026-02-21 22:41:25,816-INFO-MSSQL DB Connection has completed..
2026-02-21 22:41:26,603-INFO-MSSQL DB Connection has Closed..
2026-02-21 22:42:01,769-INFO-MSSQL DB Connection has started...
2026-02-21 22:42:02,006-INFO-MSSQL DB Connection has completed..
2026-02-21 22:42:02,044-INFO-MSSQL DB Connection has Closed..
2026-02-21 23:50:08,252-INFO-HR DB Connection has started.
2026-02-21 23:50:08,397-INFO-HR DB Connection has completed.
2026-02-21 23:50:08,404-INFO-Null record validation has started.
2026-02-21 23:50:09,096-ERROR-HR DB Connection has closed.
2026-02-21 23:51:29,024-INFO-HR DB Connection has started.
2026-02-21 23:51:29,168-INFO-HR DB Connection has completed.
2026-02-21 23:51:29,181-INFO-Null record validation has started.
2026-02-21 23:51:29,206-INFO-Null record validation has completed.
2026-02-21 23:51:29,206-ERROR-HR DB Connection has closed.
2026-02-22 09:18:03,698-INFO-MSSQL DB Connection has started...
2026-02-22 09:18:03,933-INFO-MSSQL DB Connection has completed..
2026-02-22 09:18:03,938-INFO-Join transformation validation has started.
2026-02-22 09:18:04,539-INFO-MSSQL DB Connection has Closed..
2026-02-22 09:26:58,707-INFO-MSSQL DB Connection has started...
2026-02-22 09:26:58,814-INFO-MSSQL DB Connection has completed..
2026-02-22 09:26:58,816-INFO-Join transformation validation has started.
2026-02-22 09:26:59,490-INFO-MSSQL DB Connection has Closed..
2026-02-22 09:36:43,977-INFO-MSSQL DB Connection has started...
2026-02-22 09:36:44,076-INFO-MSSQL DB Connection has completed..
2026-02-22 09:36:44,076-INFO-Join transformation validation has started.
2026-02-22 09:36:44,663-INFO-MSSQL DB Connection has Closed..
2026-02-22 09:39:00,829-INFO-MSSQL DB Connection has started...
2026-02-22 09:39:00,908-INFO-MSSQL DB Connection has completed..
2026-02-22 09:39:00,915-INFO-Join transformation validation has started.
2026-02-22 09:39:01,498-INFO-MSSQL DB Connection has Closed..
2026-02-22 09:46:14,767-INFO-MSSQL DB Connection has started...
2026-02-22 09:46:14,861-INFO-MSSQL DB Connection has completed..
2026-02-22 09:46:14,862-INFO-Join transformation validation has started.
2026-02-22 09:46:15,518-INFO-MSSQL DB Connection has Closed..
2026-02-22 10:09:24,105-INFO-MSSQL DB Connection has started...
2026-02-22 10:09:24,288-INFO-MSSQL DB Connection has completed..
2026-02-22 10:09:24,288-INFO-Join transformation validation has started.
2026-02-22 10:09:24,912-INFO-MSSQL DB Connection has Closed..
2026-02-22 10:18:18,620-INFO-MSSQL DB Connection has started...
2026-02-22 10:18:18,781-INFO-MSSQL DB Connection has completed..
2026-02-22 10:18:18,784-INFO-Join transformation validation has started.
2026-02-22 10:18:19,399-INFO-MSSQL DB Connection has Closed..
2026-02-22 10:41:49,680-INFO-MSSQL DB Connection has started...
2026-02-22 10:41:49,941-INFO-MSSQL DB Connection has completed..
2026-02-22 10:41:51,003-INFO-MSSQL DB Connection has Closed..
2026-02-22 10:49:38,709-INFO-MSSQL DB Connection has started...
2026-02-22 10:49:38,929-INFO-MSSQL DB Connection has completed..
2026-02-22 10:49:38,971-INFO-MSSQL DB Connection has Closed..
